2023-10-10 18:47:36.057 INFO  o.s.scheduling.concurrent.ThreadPoolTaskExecutor  :218  [32m                  [0;39m Shutting down ExecutorService 'applicationTaskExecutor'
2023-10-10 18:47:38.471 INFO  com.weijun.wiki.config.WikiApplication            :55   [32m                  [0;39m Starting WikiApplication using Java 1.8.0_382 on hans-MacBook-Pro.local with PID 35879 (/Users/fanweijun/Desktop/project/wiki/target/classes started by fanweijun in /Users/fanweijun/Desktop/project/wiki)
2023-10-10 18:47:38.472 INFO  com.weijun.wiki.config.WikiApplication            :660  [32m                  [0;39m No active profile set, falling back to default profiles: default
2023-10-10 18:47:38.803 INFO  o.s.boot.web.embedded.tomcat.TomcatWebServer      :108  [32m                  [0;39m Tomcat initialized with port(s): 8880 (http)
2023-10-10 18:47:38.806 INFO  org.apache.coyote.http11.Http11NioProtocol        :173  [32m                  [0;39m Initializing ProtocolHandler ["http-nio-8880"]
2023-10-10 18:47:38.807 INFO  org.apache.catalina.core.StandardService          :173  [32m                  [0;39m Starting service [Tomcat]
2023-10-10 18:47:38.807 INFO  org.apache.catalina.core.StandardEngine           :173  [32m                  [0;39m Starting Servlet engine: [Apache Tomcat/9.0.39]
2023-10-10 18:47:38.829 INFO  o.a.c.core.ContainerBase.[Tomcat].[localhost].[/] :173  [32m                  [0;39m Initializing Spring embedded WebApplicationContext
2023-10-10 18:47:38.830 INFO  o.s.b.w.s.c.ServletWebServerApplicationContext    :289  [32m                  [0;39m Root WebApplicationContext: initialization completed in 338 ms
2023-10-10 18:47:38.899 INFO  o.s.scheduling.concurrent.ThreadPoolTaskExecutor  :181  [32m                  [0;39m Initializing ExecutorService 'applicationTaskExecutor'
2023-10-10 18:47:38.964 INFO  org.apache.coyote.http11.Http11NioProtocol        :173  [32m                  [0;39m Starting ProtocolHandler ["http-nio-8880"]
2023-10-10 18:47:38.974 INFO  o.s.boot.web.embedded.tomcat.TomcatWebServer      :220  [32m                  [0;39m Tomcat started on port(s): 8880 (http) with context path ''
2023-10-10 18:47:38.981 INFO  com.weijun.wiki.config.WikiApplication            :61   [32m                  [0;39m Started WikiApplication in 0.688 seconds (JVM running for 0.916)
2023-10-10 18:47:38.982 INFO  com.weijun.wiki.config.WikiApplication            :19   [32m                  [0;39m run successfully
2023-10-10 18:47:38.983 INFO  com.weijun.wiki.config.WikiApplication            :20   [32m                  [0;39m address: 	http://localhost:8880
2023-10-10 18:47:44.500 INFO  o.a.c.core.ContainerBase.[Tomcat].[localhost].[/] :173  [32m                  [0;39m Initializing Spring DispatcherServlet 'dispatcherServlet'
2023-10-10 18:47:44.500 INFO  org.springframework.web.servlet.DispatcherServlet :525  [32m                  [0;39m Initializing Servlet 'dispatcherServlet'
2023-10-10 18:47:44.501 INFO  org.springframework.web.servlet.DispatcherServlet :547  [32m                  [0;39m Completed initialization in 0 ms
2023-10-10 18:54:29.432 INFO  o.s.scheduling.concurrent.ThreadPoolTaskExecutor  :218  [32m                  [0;39m Shutting down ExecutorService 'applicationTaskExecutor'
2023-10-10 18:54:32.990 INFO  com.weijun.wiki.config.WikiApplication            :55   [32m                  [0;39m Starting WikiApplication using Java 1.8.0_382 on hans-MacBook-Pro.local with PID 36173 (/Users/fanweijun/Desktop/project/wiki/target/classes started by fanweijun in /Users/fanweijun/Desktop/project/wiki)
2023-10-10 18:54:32.992 INFO  com.weijun.wiki.config.WikiApplication            :660  [32m                  [0;39m No active profile set, falling back to default profiles: default
2023-10-10 18:54:33.335 INFO  o.s.boot.web.embedded.tomcat.TomcatWebServer      :108  [32m                  [0;39m Tomcat initialized with port(s): 8881 (http)
2023-10-10 18:54:33.339 INFO  org.apache.coyote.http11.Http11NioProtocol        :173  [32m                  [0;39m Initializing ProtocolHandler ["http-nio-8881"]
2023-10-10 18:54:33.339 INFO  org.apache.catalina.core.StandardService          :173  [32m                  [0;39m Starting service [Tomcat]
2023-10-10 18:54:33.339 INFO  org.apache.catalina.core.StandardEngine           :173  [32m                  [0;39m Starting Servlet engine: [Apache Tomcat/9.0.39]
2023-10-10 18:54:33.360 INFO  o.a.c.core.ContainerBase.[Tomcat].[localhost].[/] :173  [32m                  [0;39m Initializing Spring embedded WebApplicationContext
2023-10-10 18:54:33.361 INFO  o.s.b.w.s.c.ServletWebServerApplicationContext    :289  [32m                  [0;39m Root WebApplicationContext: initialization completed in 349 ms
2023-10-10 18:54:33.429 INFO  o.s.scheduling.concurrent.ThreadPoolTaskExecutor  :181  [32m                  [0;39m Initializing ExecutorService 'applicationTaskExecutor'
2023-10-10 18:54:33.492 INFO  org.apache.coyote.http11.Http11NioProtocol        :173  [32m                  [0;39m Starting ProtocolHandler ["http-nio-8881"]
2023-10-10 18:54:33.501 INFO  o.s.boot.web.embedded.tomcat.TomcatWebServer      :220  [32m                  [0;39m Tomcat started on port(s): 8881 (http) with context path ''
2023-10-10 18:54:33.507 INFO  com.weijun.wiki.config.WikiApplication            :61   [32m                  [0;39m Started WikiApplication in 0.687 seconds (JVM running for 0.902)
2023-10-10 18:54:33.508 INFO  com.weijun.wiki.config.WikiApplication            :19   [32m                  [0;39m run successfully
2023-10-10 18:54:33.509 INFO  com.weijun.wiki.config.WikiApplication            :20   [32m                  [0;39m address: 	http://localhost:8881
2023-10-10 18:55:48.100 INFO  o.s.scheduling.concurrent.ThreadPoolTaskExecutor  :218  [32m                  [0;39m Shutting down ExecutorService 'applicationTaskExecutor'
2023-10-10 18:55:49.966 INFO  com.weijun.wiki.config.WikiApplication            :55   [32m                  [0;39m Starting WikiApplication using Java 1.8.0_382 on hans-MacBook-Pro.local with PID 36222 (/Users/fanweijun/Desktop/project/wiki/target/classes started by fanweijun in /Users/fanweijun/Desktop/project/wiki)
2023-10-10 18:55:49.969 INFO  com.weijun.wiki.config.WikiApplication            :660  [32m                  [0;39m No active profile set, falling back to default profiles: default
2023-10-10 18:55:50.384 INFO  o.s.boot.web.embedded.tomcat.TomcatWebServer      :108  [32m                  [0;39m Tomcat initialized with port(s): 8882 (http)
2023-10-10 18:55:50.388 INFO  org.apache.coyote.http11.Http11NioProtocol        :173  [32m                  [0;39m Initializing ProtocolHandler ["http-nio-8882"]
2023-10-10 18:55:50.388 INFO  org.apache.catalina.core.StandardService          :173  [32m                  [0;39m Starting service [Tomcat]
2023-10-10 18:55:50.388 INFO  org.apache.catalina.core.StandardEngine           :173  [32m                  [0;39m Starting Servlet engine: [Apache Tomcat/9.0.39]
2023-10-10 18:55:50.411 INFO  o.a.c.core.ContainerBase.[Tomcat].[localhost].[/] :173  [32m                  [0;39m Initializing Spring embedded WebApplicationContext
2023-10-10 18:55:50.411 INFO  o.s.b.w.s.c.ServletWebServerApplicationContext    :289  [32m                  [0;39m Root WebApplicationContext: initialization completed in 414 ms
2023-10-10 18:55:50.492 INFO  o.s.scheduling.concurrent.ThreadPoolTaskExecutor  :181  [32m                  [0;39m Initializing ExecutorService 'applicationTaskExecutor'
2023-10-10 18:55:50.568 INFO  org.apache.coyote.http11.Http11NioProtocol        :173  [32m                  [0;39m Starting ProtocolHandler ["http-nio-8882"]
2023-10-10 18:55:50.580 INFO  o.s.boot.web.embedded.tomcat.TomcatWebServer      :220  [32m                  [0;39m Tomcat started on port(s): 8882 (http) with context path ''
2023-10-10 18:55:50.586 INFO  com.weijun.wiki.config.WikiApplication            :61   [32m                  [0;39m Started WikiApplication in 0.855 seconds (JVM running for 1.424)
2023-10-10 18:55:50.587 INFO  com.weijun.wiki.config.WikiApplication            :19   [32m                  [0;39m run successfully
2023-10-10 18:55:50.588 INFO  com.weijun.wiki.config.WikiApplication            :20   [32m                  [0;39m address: 	http://localhost:8882
2023-10-10 18:55:53.067 INFO  com.weijun.wiki.config.WikiApplication            :55   [32m                  [0;39m Starting WikiApplication using Java 1.8.0_382 on hans-MacBook-Pro.local with PID 36229 (/Users/fanweijun/Desktop/project/wiki/target/classes started by fanweijun in /Users/fanweijun/Desktop/project/wiki)
2023-10-10 18:55:53.069 INFO  com.weijun.wiki.config.WikiApplication            :660  [32m                  [0;39m No active profile set, falling back to default profiles: default
2023-10-10 18:55:53.405 INFO  o.s.boot.web.embedded.tomcat.TomcatWebServer      :108  [32m                  [0;39m Tomcat initialized with port(s): 8882 (http)
2023-10-10 18:55:53.408 INFO  org.apache.coyote.http11.Http11NioProtocol        :173  [32m                  [0;39m Initializing ProtocolHandler ["http-nio-8882"]
2023-10-10 18:55:53.409 INFO  org.apache.catalina.core.StandardService          :173  [32m                  [0;39m Starting service [Tomcat]
2023-10-10 18:55:53.409 INFO  org.apache.catalina.core.StandardEngine           :173  [32m                  [0;39m Starting Servlet engine: [Apache Tomcat/9.0.39]
2023-10-10 18:55:53.429 INFO  o.a.c.core.ContainerBase.[Tomcat].[localhost].[/] :173  [32m                  [0;39m Initializing Spring embedded WebApplicationContext
2023-10-10 18:55:53.429 INFO  o.s.b.w.s.c.ServletWebServerApplicationContext    :289  [32m                  [0;39m Root WebApplicationContext: initialization completed in 339 ms
2023-10-10 18:55:53.500 INFO  o.s.scheduling.concurrent.ThreadPoolTaskExecutor  :181  [32m                  [0;39m Initializing ExecutorService 'applicationTaskExecutor'
2023-10-10 18:55:53.562 INFO  org.apache.coyote.http11.Http11NioProtocol        :173  [32m                  [0;39m Starting ProtocolHandler ["http-nio-8882"]
2023-10-10 18:55:53.569 WARN  o.s.b.w.s.c.AnnotationConfigServletWebServerApplicationContext:596  [32m                  [0;39m Exception encountered during context initialization - cancelling refresh attempt: org.springframework.context.ApplicationContextException: Failed to start bean 'webServerStartStop'; nested exception is org.springframework.boot.web.server.PortInUseException: Port 8882 is already in use
2023-10-10 18:55:53.569 INFO  o.s.scheduling.concurrent.ThreadPoolTaskExecutor  :218  [32m                  [0;39m Shutting down ExecutorService 'applicationTaskExecutor'
2023-10-10 18:55:53.570 INFO  org.apache.coyote.http11.Http11NioProtocol        :173  [32m                  [0;39m Pausing ProtocolHandler ["http-nio-8882"]
2023-10-10 18:55:53.571 INFO  org.apache.catalina.core.StandardService          :173  [32m                  [0;39m Stopping service [Tomcat]
2023-10-10 18:55:53.575 INFO  org.apache.coyote.http11.Http11NioProtocol        :173  [32m                  [0;39m Stopping ProtocolHandler ["http-nio-8882"]
2023-10-10 18:55:53.575 INFO  org.apache.coyote.http11.Http11NioProtocol        :173  [32m                  [0;39m Destroying ProtocolHandler ["http-nio-8882"]
2023-10-10 18:55:53.578 INFO  o.s.b.a.l.ConditionEvaluationReportLoggingListener:136  [32m                  [0;39m 

Error starting ApplicationContext. To display the conditions report re-run your application with 'debug' enabled.
2023-10-10 18:55:53.584 ERROR o.s.b.diagnostics.LoggingFailureAnalysisReporter  :40   [32m                  [0;39m 

***************************
APPLICATION FAILED TO START
***************************

Description:

Web server failed to start. Port 8882 was already in use.

Action:

Identify and stop the process that's listening on port 8882 or configure this application to listen on another port.

2023-10-10 18:57:23.759 INFO  o.s.scheduling.concurrent.ThreadPoolTaskExecutor  :218  [32m                  [0;39m Shutting down ExecutorService 'applicationTaskExecutor'
2023-10-10 18:57:26.570 INFO  com.weijun.wiki.config.WikiApplication            :55   [32m                  [0;39m Starting WikiApplication using Java 1.8.0_382 on hans-MacBook-Pro.local with PID 36291 (/Users/fanweijun/Desktop/project/wiki/target/classes started by fanweijun in /Users/fanweijun/Desktop/project/wiki)
2023-10-10 18:57:26.571 INFO  com.weijun.wiki.config.WikiApplication            :660  [32m                  [0;39m No active profile set, falling back to default profiles: default
2023-10-10 18:57:26.888 INFO  o.s.boot.web.embedded.tomcat.TomcatWebServer      :108  [32m                  [0;39m Tomcat initialized with port(s): 8881 (http)
2023-10-10 18:57:26.891 INFO  org.apache.coyote.http11.Http11NioProtocol        :173  [32m                  [0;39m Initializing ProtocolHandler ["http-nio-8881"]
2023-10-10 18:57:26.892 INFO  org.apache.catalina.core.StandardService          :173  [32m                  [0;39m Starting service [Tomcat]
2023-10-10 18:57:26.892 INFO  org.apache.catalina.core.StandardEngine           :173  [32m                  [0;39m Starting Servlet engine: [Apache Tomcat/9.0.39]
2023-10-10 18:57:26.911 INFO  o.a.c.core.ContainerBase.[Tomcat].[localhost].[/] :173  [32m                  [0;39m Initializing Spring embedded WebApplicationContext
2023-10-10 18:57:26.912 INFO  o.s.b.w.s.c.ServletWebServerApplicationContext    :289  [32m                  [0;39m Root WebApplicationContext: initialization completed in 322 ms
2023-10-10 18:57:26.979 INFO  o.s.scheduling.concurrent.ThreadPoolTaskExecutor  :181  [32m                  [0;39m Initializing ExecutorService 'applicationTaskExecutor'
2023-10-10 18:57:27.044 INFO  org.apache.coyote.http11.Http11NioProtocol        :173  [32m                  [0;39m Starting ProtocolHandler ["http-nio-8881"]
2023-10-10 18:57:27.053 INFO  o.s.boot.web.embedded.tomcat.TomcatWebServer      :220  [32m                  [0;39m Tomcat started on port(s): 8881 (http) with context path ''
2023-10-10 18:57:27.060 INFO  com.weijun.wiki.config.WikiApplication            :61   [32m                  [0;39m Started WikiApplication in 0.675 seconds (JVM running for 0.897)
2023-10-10 18:57:27.062 INFO  com.weijun.wiki.config.WikiApplication            :19   [32m                  [0;39m run successfully
2023-10-10 18:57:27.062 INFO  com.weijun.wiki.config.WikiApplication            :20   [32m                  [0;39m address: 	http://localhost:8881
2023-10-10 22:46:50.242 INFO  o.s.scheduling.concurrent.ThreadPoolTaskExecutor  :218  [32m                  [0;39m Shutting down ExecutorService 'applicationTaskExecutor'
2023-10-10 22:46:54.124 INFO  com.weijun.wiki.config.WikiApplication            :55   [32m                  [0;39m Starting WikiApplication using Java 1.8.0_382 on hans-MacBook-Pro.local with PID 39174 (/Users/fanweijun/Desktop/project/wiki/target/classes started by fanweijun in /Users/fanweijun/Desktop/project/wiki)
2023-10-10 22:46:54.125 INFO  com.weijun.wiki.config.WikiApplication            :660  [32m                  [0;39m No active profile set, falling back to default profiles: default
2023-10-10 22:46:54.451 INFO  o.s.boot.web.embedded.tomcat.TomcatWebServer      :108  [32m                  [0;39m Tomcat initialized with port(s): 8880 (http)
2023-10-10 22:46:54.454 INFO  org.apache.coyote.http11.Http11NioProtocol        :173  [32m                  [0;39m Initializing ProtocolHandler ["http-nio-8880"]
2023-10-10 22:46:54.454 INFO  org.apache.catalina.core.StandardService          :173  [32m                  [0;39m Starting service [Tomcat]
2023-10-10 22:46:54.455 INFO  org.apache.catalina.core.StandardEngine           :173  [32m                  [0;39m Starting Servlet engine: [Apache Tomcat/9.0.39]
2023-10-10 22:46:54.475 INFO  o.a.c.core.ContainerBase.[Tomcat].[localhost].[/] :173  [32m                  [0;39m Initializing Spring embedded WebApplicationContext
2023-10-10 22:46:54.475 INFO  o.s.b.w.s.c.ServletWebServerApplicationContext    :289  [32m                  [0;39m Root WebApplicationContext: initialization completed in 330 ms
2023-10-10 22:46:54.549 INFO  o.s.scheduling.concurrent.ThreadPoolTaskExecutor  :181  [32m                  [0;39m Initializing ExecutorService 'applicationTaskExecutor'
2023-10-10 22:46:54.616 INFO  org.apache.coyote.http11.Http11NioProtocol        :173  [32m                  [0;39m Starting ProtocolHandler ["http-nio-8880"]
2023-10-10 22:46:54.626 INFO  o.s.boot.web.embedded.tomcat.TomcatWebServer      :220  [32m                  [0;39m Tomcat started on port(s): 8880 (http) with context path ''
2023-10-10 22:46:54.634 INFO  com.weijun.wiki.config.WikiApplication            :61   [32m                  [0;39m Started WikiApplication in 0.692 seconds (JVM running for 0.913)
2023-10-10 22:46:54.653 INFO  com.weijun.wiki.config.WikiApplication            :19   [32m                  [0;39m run successfully
2023-10-10 22:46:54.653 INFO  com.weijun.wiki.config.WikiApplication            :20   [32m                  [0;39m address: 	http://localhost:8880
2023-10-10 22:46:57.667 INFO  o.a.c.core.ContainerBase.[Tomcat].[localhost].[/] :173  [32m                  [0;39m Initializing Spring DispatcherServlet 'dispatcherServlet'
2023-10-10 22:46:57.668 INFO  org.springframework.web.servlet.DispatcherServlet :525  [32m                  [0;39m Initializing Servlet 'dispatcherServlet'
2023-10-10 22:46:57.668 INFO  org.springframework.web.servlet.DispatcherServlet :547  [32m                  [0;39m Completed initialization in 0 ms
2023-10-10 22:48:26.068 INFO  o.s.scheduling.concurrent.ThreadPoolTaskExecutor  :218  [32m                  [0;39m Shutting down ExecutorService 'applicationTaskExecutor'
2023-10-10 22:48:29.764 INFO  com.weijun.wiki.config.WikiApplication            :55   [32m                  [0;39m Starting WikiApplication using Java 1.8.0_382 on hans-MacBook-Pro.local with PID 39233 (/Users/fanweijun/Desktop/project/wiki/target/classes started by fanweijun in /Users/fanweijun/Desktop/project/wiki)
2023-10-10 22:48:29.766 INFO  com.weijun.wiki.config.WikiApplication            :660  [32m                  [0;39m No active profile set, falling back to default profiles: default
2023-10-10 22:48:30.092 INFO  o.s.boot.web.embedded.tomcat.TomcatWebServer      :108  [32m                  [0;39m Tomcat initialized with port(s): 8880 (http)
2023-10-10 22:48:30.095 INFO  org.apache.coyote.http11.Http11NioProtocol        :173  [32m                  [0;39m Initializing ProtocolHandler ["http-nio-8880"]
2023-10-10 22:48:30.095 INFO  org.apache.catalina.core.StandardService          :173  [32m                  [0;39m Starting service [Tomcat]
2023-10-10 22:48:30.095 INFO  org.apache.catalina.core.StandardEngine           :173  [32m                  [0;39m Starting Servlet engine: [Apache Tomcat/9.0.39]
2023-10-10 22:48:30.117 INFO  o.a.c.core.ContainerBase.[Tomcat].[localhost].[/] :173  [32m                  [0;39m Initializing Spring embedded WebApplicationContext
2023-10-10 22:48:30.117 INFO  o.s.b.w.s.c.ServletWebServerApplicationContext    :289  [32m                  [0;39m Root WebApplicationContext: initialization completed in 331 ms
2023-10-10 22:48:30.189 INFO  o.s.scheduling.concurrent.ThreadPoolTaskExecutor  :181  [32m                  [0;39m Initializing ExecutorService 'applicationTaskExecutor'
2023-10-10 22:48:30.250 INFO  org.apache.coyote.http11.Http11NioProtocol        :173  [32m                  [0;39m Starting ProtocolHandler ["http-nio-8880"]
2023-10-10 22:48:30.259 INFO  o.s.boot.web.embedded.tomcat.TomcatWebServer      :220  [32m                  [0;39m Tomcat started on port(s): 8880 (http) with context path ''
2023-10-10 22:48:30.266 INFO  com.weijun.wiki.config.WikiApplication            :61   [32m                  [0;39m Started WikiApplication in 0.689 seconds (JVM running for 0.901)
2023-10-10 22:48:30.267 INFO  com.weijun.wiki.config.WikiApplication            :19   [32m                  [0;39m run successfully
2023-10-10 22:48:30.267 INFO  com.weijun.wiki.config.WikiApplication            :20   [32m                  [0;39m address: 	http://localhost:8880
2023-10-10 22:48:34.837 INFO  o.a.c.core.ContainerBase.[Tomcat].[localhost].[/] :173  [32m                  [0;39m Initializing Spring DispatcherServlet 'dispatcherServlet'
2023-10-10 22:48:34.837 INFO  org.springframework.web.servlet.DispatcherServlet :525  [32m                  [0;39m Initializing Servlet 'dispatcherServlet'
2023-10-10 22:48:34.838 INFO  org.springframework.web.servlet.DispatcherServlet :547  [32m                  [0;39m Completed initialization in 1 ms
2023-10-10 22:48:49.433 INFO  o.s.scheduling.concurrent.ThreadPoolTaskExecutor  :218  [32m                  [0;39m Shutting down ExecutorService 'applicationTaskExecutor'
2023-10-10 22:48:50.869 INFO  com.weijun.wiki.config.WikiApplication            :55   [32m                  [0;39m Starting WikiApplication using Java 1.8.0_382 on hans-MacBook-Pro.local with PID 39250 (/Users/fanweijun/Desktop/project/wiki/target/classes started by fanweijun in /Users/fanweijun/Desktop/project/wiki)
2023-10-10 22:48:50.871 INFO  com.weijun.wiki.config.WikiApplication            :660  [32m                  [0;39m No active profile set, falling back to default profiles: default
2023-10-10 22:48:51.202 INFO  o.s.boot.web.embedded.tomcat.TomcatWebServer      :108  [32m                  [0;39m Tomcat initialized with port(s): 8880 (http)
2023-10-10 22:48:51.205 INFO  org.apache.coyote.http11.Http11NioProtocol        :173  [32m                  [0;39m Initializing ProtocolHandler ["http-nio-8880"]
2023-10-10 22:48:51.206 INFO  org.apache.catalina.core.StandardService          :173  [32m                  [0;39m Starting service [Tomcat]
2023-10-10 22:48:51.206 INFO  org.apache.catalina.core.StandardEngine           :173  [32m                  [0;39m Starting Servlet engine: [Apache Tomcat/9.0.39]
2023-10-10 22:48:51.228 INFO  o.a.c.core.ContainerBase.[Tomcat].[localhost].[/] :173  [32m                  [0;39m Initializing Spring embedded WebApplicationContext
2023-10-10 22:48:51.228 INFO  o.s.b.w.s.c.ServletWebServerApplicationContext    :289  [32m                  [0;39m Root WebApplicationContext: initialization completed in 335 ms
2023-10-10 22:48:51.301 INFO  o.s.scheduling.concurrent.ThreadPoolTaskExecutor  :181  [32m                  [0;39m Initializing ExecutorService 'applicationTaskExecutor'
2023-10-10 22:48:51.370 INFO  org.apache.coyote.http11.Http11NioProtocol        :173  [32m                  [0;39m Starting ProtocolHandler ["http-nio-8880"]
2023-10-10 22:48:51.381 INFO  o.s.boot.web.embedded.tomcat.TomcatWebServer      :220  [32m                  [0;39m Tomcat started on port(s): 8880 (http) with context path ''
2023-10-10 22:48:51.390 INFO  com.weijun.wiki.config.WikiApplication            :61   [32m                  [0;39m Started WikiApplication in 0.704 seconds (JVM running for 0.923)
2023-10-10 22:48:51.391 INFO  com.weijun.wiki.config.WikiApplication            :19   [32m                  [0;39m run successfully
2023-10-10 22:48:51.391 INFO  com.weijun.wiki.config.WikiApplication            :20   [32m                  [0;39m address: 	http://localhost:8880
2023-10-10 22:49:00.620 INFO  o.a.c.core.ContainerBase.[Tomcat].[localhost].[/] :173  [32m                  [0;39m Initializing Spring DispatcherServlet 'dispatcherServlet'
2023-10-10 22:49:00.620 INFO  org.springframework.web.servlet.DispatcherServlet :525  [32m                  [0;39m Initializing Servlet 'dispatcherServlet'
2023-10-10 22:49:00.621 INFO  org.springframework.web.servlet.DispatcherServlet :547  [32m                  [0;39m Completed initialization in 1 ms
2023-10-10 22:52:37.552 INFO  o.s.scheduling.concurrent.ThreadPoolTaskExecutor  :218  [32m                  [0;39m Shutting down ExecutorService 'applicationTaskExecutor'
2023-10-10 22:52:40.518 INFO  com.weijun.wiki.config.WikiApplication            :55   [32m                  [0;39m Starting WikiApplication using Java 1.8.0_382 on hans-MacBook-Pro.local with PID 39463 (/Users/fanweijun/Desktop/project/wiki/target/classes started by fanweijun in /Users/fanweijun/Desktop/project/wiki)
2023-10-10 22:52:40.520 INFO  com.weijun.wiki.config.WikiApplication            :660  [32m                  [0;39m No active profile set, falling back to default profiles: default
2023-10-10 22:52:40.850 INFO  o.s.boot.web.embedded.tomcat.TomcatWebServer      :108  [32m                  [0;39m Tomcat initialized with port(s): 8880 (http)
2023-10-10 22:52:40.854 INFO  org.apache.coyote.http11.Http11NioProtocol        :173  [32m                  [0;39m Initializing ProtocolHandler ["http-nio-8880"]
2023-10-10 22:52:40.854 INFO  org.apache.catalina.core.StandardService          :173  [32m                  [0;39m Starting service [Tomcat]
2023-10-10 22:52:40.854 INFO  org.apache.catalina.core.StandardEngine           :173  [32m                  [0;39m Starting Servlet engine: [Apache Tomcat/9.0.39]
2023-10-10 22:52:40.876 INFO  o.a.c.core.ContainerBase.[Tomcat].[localhost].[/] :173  [32m                  [0;39m Initializing Spring embedded WebApplicationContext
2023-10-10 22:52:40.876 INFO  o.s.b.w.s.c.ServletWebServerApplicationContext    :289  [32m                  [0;39m Root WebApplicationContext: initialization completed in 337 ms
2023-10-10 22:52:40.948 INFO  o.s.scheduling.concurrent.ThreadPoolTaskExecutor  :181  [32m                  [0;39m Initializing ExecutorService 'applicationTaskExecutor'
2023-10-10 22:52:41.010 INFO  org.apache.coyote.http11.Http11NioProtocol        :173  [32m                  [0;39m Starting ProtocolHandler ["http-nio-8880"]
2023-10-10 22:52:41.019 INFO  o.s.boot.web.embedded.tomcat.TomcatWebServer      :220  [32m                  [0;39m Tomcat started on port(s): 8880 (http) with context path ''
2023-10-10 22:52:41.027 INFO  com.weijun.wiki.config.WikiApplication            :61   [32m                  [0;39m Started WikiApplication in 0.689 seconds (JVM running for 0.904)
2023-10-10 22:52:41.028 INFO  com.weijun.wiki.config.WikiApplication            :19   [32m                  [0;39m run successfully
2023-10-10 22:52:41.028 INFO  com.weijun.wiki.config.WikiApplication            :20   [32m                  [0;39m address: 	http://localhost:8880
2023-10-10 22:52:47.595 INFO  o.a.c.core.ContainerBase.[Tomcat].[localhost].[/] :173  [32m                  [0;39m Initializing Spring DispatcherServlet 'dispatcherServlet'
2023-10-10 22:52:47.596 INFO  org.springframework.web.servlet.DispatcherServlet :525  [32m                  [0;39m Initializing Servlet 'dispatcherServlet'
2023-10-10 22:52:47.597 INFO  org.springframework.web.servlet.DispatcherServlet :547  [32m                  [0;39m Completed initialization in 1 ms
2023-10-10 22:56:23.395 INFO  o.s.scheduling.concurrent.ThreadPoolTaskExecutor  :218  [32m                  [0;39m Shutting down ExecutorService 'applicationTaskExecutor'
2023-10-10 22:56:26.945 INFO  com.weijun.wiki.config.WikiApplication            :55   [32m                  [0;39m Starting WikiApplication using Java 1.8.0_382 on hans-MacBook-Pro.local with PID 39585 (/Users/fanweijun/Desktop/project/wiki/target/classes started by fanweijun in /Users/fanweijun/Desktop/project/wiki)
2023-10-10 22:56:26.946 INFO  com.weijun.wiki.config.WikiApplication            :660  [32m                  [0;39m No active profile set, falling back to default profiles: default
2023-10-10 22:56:26.968 INFO  o.s.b.d.env.DevToolsPropertyDefaultsPostProcessor :255  [32m                  [0;39m Devtools property defaults active! Set 'spring.devtools.add-properties' to 'false' to disable
2023-10-10 22:56:26.968 INFO  o.s.b.d.env.DevToolsPropertyDefaultsPostProcessor :255  [32m                  [0;39m For additional web related logging consider setting the 'logging.level.web' property to 'DEBUG'
2023-10-10 22:56:27.314 INFO  o.s.boot.web.embedded.tomcat.TomcatWebServer      :108  [32m                  [0;39m Tomcat initialized with port(s): 8880 (http)
2023-10-10 22:56:27.317 INFO  org.apache.coyote.http11.Http11NioProtocol        :173  [32m                  [0;39m Initializing ProtocolHandler ["http-nio-8880"]
2023-10-10 22:56:27.317 INFO  org.apache.catalina.core.StandardService          :173  [32m                  [0;39m Starting service [Tomcat]
2023-10-10 22:56:27.317 INFO  org.apache.catalina.core.StandardEngine           :173  [32m                  [0;39m Starting Servlet engine: [Apache Tomcat/9.0.39]
2023-10-10 22:56:27.337 INFO  o.a.c.core.ContainerBase.[Tomcat].[localhost].[/] :173  [32m                  [0;39m Initializing Spring embedded WebApplicationContext
2023-10-10 22:56:27.337 INFO  o.s.b.w.s.c.ServletWebServerApplicationContext    :289  [32m                  [0;39m Root WebApplicationContext: initialization completed in 368 ms
2023-10-10 22:56:27.406 INFO  o.s.scheduling.concurrent.ThreadPoolTaskExecutor  :181  [32m                  [0;39m Initializing ExecutorService 'applicationTaskExecutor'
2023-10-10 22:56:27.469 INFO  o.s.b.d.autoconfigure.OptionalLiveReloadServer    :58   [32m                  [0;39m LiveReload server is running on port 35729
2023-10-10 22:56:27.477 INFO  org.apache.coyote.http11.Http11NioProtocol        :173  [32m                  [0;39m Starting ProtocolHandler ["http-nio-8880"]
2023-10-10 22:56:27.486 INFO  o.s.boot.web.embedded.tomcat.TomcatWebServer      :220  [32m                  [0;39m Tomcat started on port(s): 8880 (http) with context path ''
2023-10-10 22:56:27.492 INFO  com.weijun.wiki.config.WikiApplication            :61   [32m                  [0;39m Started WikiApplication in 0.726 seconds (JVM running for 0.964)
2023-10-10 22:56:27.494 INFO  com.weijun.wiki.config.WikiApplication            :19   [32m                  [0;39m run successfully
2023-10-10 22:56:27.494 INFO  com.weijun.wiki.config.WikiApplication            :20   [32m                  [0;39m address: 	http://localhost:8880
2023-10-10 22:59:46.377 INFO  o.s.scheduling.concurrent.ThreadPoolTaskExecutor  :218  [32m                  [0;39m Shutting down ExecutorService 'applicationTaskExecutor'
2023-10-10 22:59:56.862 INFO  com.weijun.wiki.config.WikiApplication            :55   [32m                  [0;39m Starting WikiApplication using Java 1.8.0_382 on hans-MacBook-Pro.local with PID 39693 (/Users/fanweijun/Desktop/project/wiki/target/classes started by fanweijun in /Users/fanweijun/Desktop/project/wiki)
2023-10-10 22:59:56.863 INFO  com.weijun.wiki.config.WikiApplication            :660  [32m                  [0;39m No active profile set, falling back to default profiles: default
2023-10-10 22:59:56.885 INFO  o.s.b.d.env.DevToolsPropertyDefaultsPostProcessor :255  [32m                  [0;39m Devtools property defaults active! Set 'spring.devtools.add-properties' to 'false' to disable
2023-10-10 22:59:56.885 INFO  o.s.b.d.env.DevToolsPropertyDefaultsPostProcessor :255  [32m                  [0;39m For additional web related logging consider setting the 'logging.level.web' property to 'DEBUG'
2023-10-10 22:59:57.229 INFO  o.s.boot.web.embedded.tomcat.TomcatWebServer      :108  [32m                  [0;39m Tomcat initialized with port(s): 8880 (http)
2023-10-10 22:59:57.232 INFO  org.apache.coyote.http11.Http11NioProtocol        :173  [32m                  [0;39m Initializing ProtocolHandler ["http-nio-8880"]
2023-10-10 22:59:57.233 INFO  org.apache.catalina.core.StandardService          :173  [32m                  [0;39m Starting service [Tomcat]
2023-10-10 22:59:57.233 INFO  org.apache.catalina.core.StandardEngine           :173  [32m                  [0;39m Starting Servlet engine: [Apache Tomcat/9.0.39]
2023-10-10 22:59:57.253 INFO  o.a.c.core.ContainerBase.[Tomcat].[localhost].[/] :173  [32m                  [0;39m Initializing Spring embedded WebApplicationContext
2023-10-10 22:59:57.253 INFO  o.s.b.w.s.c.ServletWebServerApplicationContext    :289  [32m                  [0;39m Root WebApplicationContext: initialization completed in 368 ms
2023-10-10 22:59:57.328 INFO  o.s.scheduling.concurrent.ThreadPoolTaskExecutor  :181  [32m                  [0;39m Initializing ExecutorService 'applicationTaskExecutor'
2023-10-10 22:59:57.393 INFO  o.s.b.d.autoconfigure.OptionalLiveReloadServer    :58   [32m                  [0;39m LiveReload server is running on port 35729
2023-10-10 22:59:57.401 INFO  org.apache.coyote.http11.Http11NioProtocol        :173  [32m                  [0;39m Starting ProtocolHandler ["http-nio-8880"]
2023-10-10 22:59:57.410 INFO  o.s.boot.web.embedded.tomcat.TomcatWebServer      :220  [32m                  [0;39m Tomcat started on port(s): 8880 (http) with context path ''
2023-10-10 22:59:57.416 INFO  com.weijun.wiki.config.WikiApplication            :61   [32m                  [0;39m Started WikiApplication in 0.736 seconds (JVM running for 0.979)
2023-10-10 22:59:57.417 INFO  com.weijun.wiki.config.WikiApplication            :19   [32m                  [0;39m run successfully
2023-10-10 22:59:57.417 INFO  com.weijun.wiki.config.WikiApplication            :20   [32m                  [0;39m address: 	http://localhost:8880
2023-10-10 22:59:59.118 INFO  o.s.scheduling.concurrent.ThreadPoolTaskExecutor  :218  [32m                  [0;39m Shutting down ExecutorService 'applicationTaskExecutor'
2023-10-10 23:02:28.514 INFO  com.weijun.wiki.config.WikiApplication            :55   [32m                  [0;39m Starting WikiApplication using Java 1.8.0_382 on hans-MacBook-Pro.local with PID 39815 (/Users/fanweijun/Desktop/project/wiki/target/classes started by fanweijun in /Users/fanweijun/Desktop/project/wiki)
2023-10-10 23:02:28.516 INFO  com.weijun.wiki.config.WikiApplication            :660  [32m                  [0;39m No active profile set, falling back to default profiles: default
2023-10-10 23:02:28.536 INFO  o.s.b.d.env.DevToolsPropertyDefaultsPostProcessor :255  [32m                  [0;39m Devtools property defaults active! Set 'spring.devtools.add-properties' to 'false' to disable
2023-10-10 23:02:28.536 INFO  o.s.b.d.env.DevToolsPropertyDefaultsPostProcessor :255  [32m                  [0;39m For additional web related logging consider setting the 'logging.level.web' property to 'DEBUG'
2023-10-10 23:02:28.880 INFO  o.s.boot.web.embedded.tomcat.TomcatWebServer      :108  [32m                  [0;39m Tomcat initialized with port(s): 8880 (http)
2023-10-10 23:02:28.883 INFO  org.apache.coyote.http11.Http11NioProtocol        :173  [32m                  [0;39m Initializing ProtocolHandler ["http-nio-8880"]
2023-10-10 23:02:28.884 INFO  org.apache.catalina.core.StandardService          :173  [32m                  [0;39m Starting service [Tomcat]
2023-10-10 23:02:28.884 INFO  org.apache.catalina.core.StandardEngine           :173  [32m                  [0;39m Starting Servlet engine: [Apache Tomcat/9.0.39]
2023-10-10 23:02:28.906 INFO  o.a.c.core.ContainerBase.[Tomcat].[localhost].[/] :173  [32m                  [0;39m Initializing Spring embedded WebApplicationContext
2023-10-10 23:02:28.907 INFO  o.s.b.w.s.c.ServletWebServerApplicationContext    :289  [32m                  [0;39m Root WebApplicationContext: initialization completed in 370 ms
2023-10-10 23:02:28.976 INFO  o.s.scheduling.concurrent.ThreadPoolTaskExecutor  :181  [32m                  [0;39m Initializing ExecutorService 'applicationTaskExecutor'
2023-10-10 23:02:29.039 INFO  o.s.b.d.autoconfigure.OptionalLiveReloadServer    :58   [32m                  [0;39m LiveReload server is running on port 35729
2023-10-10 23:02:29.047 INFO  org.apache.coyote.http11.Http11NioProtocol        :173  [32m                  [0;39m Starting ProtocolHandler ["http-nio-8880"]
2023-10-10 23:02:29.056 INFO  o.s.boot.web.embedded.tomcat.TomcatWebServer      :220  [32m                  [0;39m Tomcat started on port(s): 8880 (http) with context path ''
2023-10-10 23:02:29.063 INFO  com.weijun.wiki.config.WikiApplication            :61   [32m                  [0;39m Started WikiApplication in 0.728 seconds (JVM running for 0.972)
2023-10-10 23:02:29.064 INFO  com.weijun.wiki.config.WikiApplication            :19   [32m                  [0;39m run successfully
2023-10-10 23:02:29.064 INFO  com.weijun.wiki.config.WikiApplication            :20   [32m                  [0;39m address: 	http://localhost:8880
2023-10-10 23:02:37.531 INFO  o.s.scheduling.concurrent.ThreadPoolTaskExecutor  :218  [32m                  [0;39m Shutting down ExecutorService 'applicationTaskExecutor'
2023-10-10 23:02:39.029 INFO  com.weijun.wiki.config.WikiApplication            :55   [32m                  [0;39m Starting WikiApplication using Java 1.8.0_382 on hans-MacBook-Pro.local with PID 39821 (/Users/fanweijun/Desktop/project/wiki/target/classes started by fanweijun in /Users/fanweijun/Desktop/project/wiki)
2023-10-10 23:02:39.030 INFO  com.weijun.wiki.config.WikiApplication            :660  [32m                  [0;39m No active profile set, falling back to default profiles: default
2023-10-10 23:02:39.052 INFO  o.s.b.d.env.DevToolsPropertyDefaultsPostProcessor :255  [32m                  [0;39m Devtools property defaults active! Set 'spring.devtools.add-properties' to 'false' to disable
2023-10-10 23:02:39.052 INFO  o.s.b.d.env.DevToolsPropertyDefaultsPostProcessor :255  [32m                  [0;39m For additional web related logging consider setting the 'logging.level.web' property to 'DEBUG'
2023-10-10 23:02:39.392 INFO  o.s.boot.web.embedded.tomcat.TomcatWebServer      :108  [32m                  [0;39m Tomcat initialized with port(s): 8880 (http)
2023-10-10 23:02:39.395 INFO  org.apache.coyote.http11.Http11NioProtocol        :173  [32m                  [0;39m Initializing ProtocolHandler ["http-nio-8880"]
2023-10-10 23:02:39.396 INFO  org.apache.catalina.core.StandardService          :173  [32m                  [0;39m Starting service [Tomcat]
2023-10-10 23:02:39.396 INFO  org.apache.catalina.core.StandardEngine           :173  [32m                  [0;39m Starting Servlet engine: [Apache Tomcat/9.0.39]
2023-10-10 23:02:39.416 INFO  o.a.c.core.ContainerBase.[Tomcat].[localhost].[/] :173  [32m                  [0;39m Initializing Spring embedded WebApplicationContext
2023-10-10 23:02:39.416 INFO  o.s.b.w.s.c.ServletWebServerApplicationContext    :289  [32m                  [0;39m Root WebApplicationContext: initialization completed in 363 ms
2023-10-10 23:02:39.489 INFO  o.s.scheduling.concurrent.ThreadPoolTaskExecutor  :181  [32m                  [0;39m Initializing ExecutorService 'applicationTaskExecutor'
2023-10-10 23:02:39.556 INFO  o.s.b.d.autoconfigure.OptionalLiveReloadServer    :58   [32m                  [0;39m LiveReload server is running on port 35729
2023-10-10 23:02:39.564 INFO  org.apache.coyote.http11.Http11NioProtocol        :173  [32m                  [0;39m Starting ProtocolHandler ["http-nio-8880"]
2023-10-10 23:02:39.573 INFO  o.s.boot.web.embedded.tomcat.TomcatWebServer      :220  [32m                  [0;39m Tomcat started on port(s): 8880 (http) with context path ''
2023-10-10 23:02:39.579 INFO  com.weijun.wiki.config.WikiApplication            :61   [32m                  [0;39m Started WikiApplication in 0.731 seconds (JVM running for 0.968)
2023-10-10 23:02:39.581 INFO  com.weijun.wiki.config.WikiApplication            :19   [32m                  [0;39m run successfully
2023-10-10 23:02:39.581 INFO  com.weijun.wiki.config.WikiApplication            :20   [32m                  [0;39m address: 	http://localhost:8880
2023-10-10 23:02:41.182 INFO  o.s.scheduling.concurrent.ThreadPoolTaskExecutor  :218  [32m                  [0;39m Shutting down ExecutorService 'applicationTaskExecutor'
2023-10-10 23:02:42.976 INFO  com.weijun.wiki.config.WikiApplication            :55   [32m                  [0;39m Starting WikiApplication using Java 1.8.0_382 on hans-MacBook-Pro.local with PID 39829 (/Users/fanweijun/Desktop/project/wiki/target/classes started by fanweijun in /Users/fanweijun/Desktop/project/wiki)
2023-10-10 23:02:42.978 INFO  com.weijun.wiki.config.WikiApplication            :660  [32m                  [0;39m No active profile set, falling back to default profiles: default
2023-10-10 23:02:43.006 INFO  o.s.b.d.env.DevToolsPropertyDefaultsPostProcessor :255  [32m                  [0;39m Devtools property defaults active! Set 'spring.devtools.add-properties' to 'false' to disable
2023-10-10 23:02:43.006 INFO  o.s.b.d.env.DevToolsPropertyDefaultsPostProcessor :255  [32m                  [0;39m For additional web related logging consider setting the 'logging.level.web' property to 'DEBUG'
2023-10-10 23:02:43.422 INFO  o.s.boot.web.embedded.tomcat.TomcatWebServer      :108  [32m                  [0;39m Tomcat initialized with port(s): 8880 (http)
2023-10-10 23:02:43.425 INFO  org.apache.coyote.http11.Http11NioProtocol        :173  [32m                  [0;39m Initializing ProtocolHandler ["http-nio-8880"]
2023-10-10 23:02:43.426 INFO  org.apache.catalina.core.StandardService          :173  [32m                  [0;39m Starting service [Tomcat]
2023-10-10 23:02:43.426 INFO  org.apache.catalina.core.StandardEngine           :173  [32m                  [0;39m Starting Servlet engine: [Apache Tomcat/9.0.39]
2023-10-10 23:02:43.448 INFO  o.a.c.core.ContainerBase.[Tomcat].[localhost].[/] :173  [32m                  [0;39m Initializing Spring embedded WebApplicationContext
2023-10-10 23:02:43.448 INFO  o.s.b.w.s.c.ServletWebServerApplicationContext    :289  [32m                  [0;39m Root WebApplicationContext: initialization completed in 441 ms
2023-10-10 23:02:43.525 INFO  o.s.scheduling.concurrent.ThreadPoolTaskExecutor  :181  [32m                  [0;39m Initializing ExecutorService 'applicationTaskExecutor'
2023-10-10 23:02:43.599 INFO  o.s.b.d.autoconfigure.OptionalLiveReloadServer    :58   [32m                  [0;39m LiveReload server is running on port 35729
2023-10-10 23:02:43.608 INFO  org.apache.coyote.http11.Http11NioProtocol        :173  [32m                  [0;39m Starting ProtocolHandler ["http-nio-8880"]
2023-10-10 23:02:43.620 INFO  o.s.boot.web.embedded.tomcat.TomcatWebServer      :220  [32m                  [0;39m Tomcat started on port(s): 8880 (http) with context path ''
2023-10-10 23:02:43.627 INFO  com.weijun.wiki.config.WikiApplication            :61   [32m                  [0;39m Started WikiApplication in 0.877 seconds (JVM running for 1.383)
2023-10-10 23:02:43.629 INFO  com.weijun.wiki.config.WikiApplication            :19   [32m                  [0;39m run successfully
2023-10-10 23:02:43.629 INFO  com.weijun.wiki.config.WikiApplication            :20   [32m                  [0;39m address: 	http://localhost:8880
2023-10-10 23:03:02.152 INFO  o.s.scheduling.concurrent.ThreadPoolTaskExecutor  :218  [32m                  [0;39m Shutting down ExecutorService 'applicationTaskExecutor'
2023-10-10 23:07:01.644 INFO  com.weijun.wiki.config.WikiApplication            :55   [32m                  [0;39m Starting WikiApplication using Java 1.8.0_382 on hans-MacBook-Pro.local with PID 40013 (/Users/fanweijun/Desktop/project/wiki/target/classes started by fanweijun in /Users/fanweijun/Desktop/project/wiki)
2023-10-10 23:07:01.645 INFO  com.weijun.wiki.config.WikiApplication            :660  [32m                  [0;39m No active profile set, falling back to default profiles: default
2023-10-10 23:07:01.666 INFO  o.s.b.d.env.DevToolsPropertyDefaultsPostProcessor :255  [32m                  [0;39m Devtools property defaults active! Set 'spring.devtools.add-properties' to 'false' to disable
2023-10-10 23:07:01.666 INFO  o.s.b.d.env.DevToolsPropertyDefaultsPostProcessor :255  [32m                  [0;39m For additional web related logging consider setting the 'logging.level.web' property to 'DEBUG'
2023-10-10 23:07:02.008 INFO  o.s.boot.web.embedded.tomcat.TomcatWebServer      :108  [32m                  [0;39m Tomcat initialized with port(s): 8880 (http)
2023-10-10 23:07:02.011 INFO  org.apache.coyote.http11.Http11NioProtocol        :173  [32m                  [0;39m Initializing ProtocolHandler ["http-nio-8880"]
2023-10-10 23:07:02.011 INFO  org.apache.catalina.core.StandardService          :173  [32m                  [0;39m Starting service [Tomcat]
2023-10-10 23:07:02.011 INFO  org.apache.catalina.core.StandardEngine           :173  [32m                  [0;39m Starting Servlet engine: [Apache Tomcat/9.0.39]
2023-10-10 23:07:02.032 INFO  o.a.c.core.ContainerBase.[Tomcat].[localhost].[/] :173  [32m                  [0;39m Initializing Spring embedded WebApplicationContext
2023-10-10 23:07:02.032 INFO  o.s.b.w.s.c.ServletWebServerApplicationContext    :289  [32m                  [0;39m Root WebApplicationContext: initialization completed in 366 ms
2023-10-10 23:07:02.102 INFO  o.s.scheduling.concurrent.ThreadPoolTaskExecutor  :181  [32m                  [0;39m Initializing ExecutorService 'applicationTaskExecutor'
2023-10-10 23:07:02.168 INFO  o.s.b.d.autoconfigure.OptionalLiveReloadServer    :58   [32m                  [0;39m LiveReload server is running on port 35729
2023-10-10 23:07:02.177 INFO  org.apache.coyote.http11.Http11NioProtocol        :173  [32m                  [0;39m Starting ProtocolHandler ["http-nio-8880"]
2023-10-10 23:07:02.186 INFO  o.s.boot.web.embedded.tomcat.TomcatWebServer      :220  [32m                  [0;39m Tomcat started on port(s): 8880 (http) with context path ''
2023-10-10 23:07:02.192 INFO  com.weijun.wiki.config.WikiApplication            :61   [32m                  [0;39m Started WikiApplication in 0.723 seconds (JVM running for 1.149)
2023-10-10 23:07:02.194 INFO  com.weijun.wiki.config.WikiApplication            :19   [32m                  [0;39m run successfully
2023-10-10 23:07:02.194 INFO  com.weijun.wiki.config.WikiApplication            :20   [32m                  [0;39m address: 	http://localhost:8880
2023-10-10 23:12:30.583 INFO  o.s.scheduling.concurrent.ThreadPoolTaskExecutor  :218  [32m                  [0;39m Shutting down ExecutorService 'applicationTaskExecutor'
2023-10-10 23:12:30.635 INFO  com.weijun.wiki.config.WikiApplication            :55   [32m                  [0;39m Starting WikiApplication using Java 1.8.0_382 on hans-MacBook-Pro.local with PID 40013 (/Users/fanweijun/Desktop/project/wiki/target/classes started by fanweijun in /Users/fanweijun/Desktop/project/wiki)
2023-10-10 23:12:30.635 INFO  com.weijun.wiki.config.WikiApplication            :660  [32m                  [0;39m No active profile set, falling back to default profiles: default
2023-10-10 23:12:30.702 INFO  o.s.boot.web.embedded.tomcat.TomcatWebServer      :108  [32m                  [0;39m Tomcat initialized with port(s): 8880 (http)
2023-10-10 23:12:30.703 INFO  org.apache.coyote.http11.Http11NioProtocol        :173  [32m                  [0;39m Initializing ProtocolHandler ["http-nio-8880"]
2023-10-10 23:12:30.703 INFO  org.apache.catalina.core.StandardService          :173  [32m                  [0;39m Starting service [Tomcat]
2023-10-10 23:12:30.703 INFO  org.apache.catalina.core.StandardEngine           :173  [32m                  [0;39m Starting Servlet engine: [Apache Tomcat/9.0.39]
2023-10-10 23:12:30.706 INFO  o.a.c.core.ContainerBase.[Tomcat].[localhost].[/] :173  [32m                  [0;39m Initializing Spring embedded WebApplicationContext
2023-10-10 23:12:30.706 INFO  o.s.b.w.s.c.ServletWebServerApplicationContext    :289  [32m                  [0;39m Root WebApplicationContext: initialization completed in 70 ms
2023-10-10 23:12:30.724 INFO  o.s.scheduling.concurrent.ThreadPoolTaskExecutor  :181  [32m                  [0;39m Initializing ExecutorService 'applicationTaskExecutor'
2023-10-10 23:12:30.740 INFO  o.s.b.d.autoconfigure.OptionalLiveReloadServer    :58   [32m                  [0;39m LiveReload server is running on port 35729
2023-10-10 23:12:30.744 INFO  org.apache.coyote.http11.Http11NioProtocol        :173  [32m                  [0;39m Starting ProtocolHandler ["http-nio-8880"]
2023-10-10 23:12:30.745 INFO  o.s.boot.web.embedded.tomcat.TomcatWebServer      :220  [32m                  [0;39m Tomcat started on port(s): 8880 (http) with context path ''
2023-10-10 23:12:30.747 INFO  com.weijun.wiki.config.WikiApplication            :61   [32m                  [0;39m Started WikiApplication in 0.13 seconds (JVM running for 329.705)
2023-10-10 23:12:30.748 INFO  o.s.b.d.a.ConditionEvaluationDeltaLoggingListener :63   [32m                  [0;39m Condition evaluation unchanged
2023-10-10 23:12:30.748 INFO  com.weijun.wiki.config.WikiApplication            :19   [32m                  [0;39m run successfully
2023-10-10 23:12:30.748 INFO  com.weijun.wiki.config.WikiApplication            :20   [32m                  [0;39m address: 	http://localhost:8880
2023-10-10 23:13:24.072 INFO  o.s.scheduling.concurrent.ThreadPoolTaskExecutor  :218  [32m                  [0;39m Shutting down ExecutorService 'applicationTaskExecutor'
2023-10-10 23:13:25.523 INFO  com.weijun.wiki.config.WikiApplication            :55   [32m                  [0;39m Starting WikiApplication using Java 1.8.0_382 on hans-MacBook-Pro.local with PID 40230 (/Users/fanweijun/Desktop/project/wiki/target/classes started by fanweijun in /Users/fanweijun/Desktop/project/wiki)
2023-10-10 23:13:25.525 INFO  com.weijun.wiki.config.WikiApplication            :660  [32m                  [0;39m No active profile set, falling back to default profiles: default
2023-10-10 23:13:25.548 INFO  o.s.b.d.env.DevToolsPropertyDefaultsPostProcessor :255  [32m                  [0;39m Devtools property defaults active! Set 'spring.devtools.add-properties' to 'false' to disable
2023-10-10 23:13:25.549 INFO  o.s.b.d.env.DevToolsPropertyDefaultsPostProcessor :255  [32m                  [0;39m For additional web related logging consider setting the 'logging.level.web' property to 'DEBUG'
2023-10-10 23:13:25.900 INFO  o.s.boot.web.embedded.tomcat.TomcatWebServer      :108  [32m                  [0;39m Tomcat initialized with port(s): 8880 (http)
2023-10-10 23:13:25.903 INFO  org.apache.coyote.http11.Http11NioProtocol        :173  [32m                  [0;39m Initializing ProtocolHandler ["http-nio-8880"]
2023-10-10 23:13:25.904 INFO  org.apache.catalina.core.StandardService          :173  [32m                  [0;39m Starting service [Tomcat]
2023-10-10 23:13:25.904 INFO  org.apache.catalina.core.StandardEngine           :173  [32m                  [0;39m Starting Servlet engine: [Apache Tomcat/9.0.39]
2023-10-10 23:13:25.925 INFO  o.a.c.core.ContainerBase.[Tomcat].[localhost].[/] :173  [32m                  [0;39m Initializing Spring embedded WebApplicationContext
2023-10-10 23:13:25.925 INFO  o.s.b.w.s.c.ServletWebServerApplicationContext    :289  [32m                  [0;39m Root WebApplicationContext: initialization completed in 376 ms
2023-10-10 23:13:25.997 INFO  o.s.scheduling.concurrent.ThreadPoolTaskExecutor  :181  [32m                  [0;39m Initializing ExecutorService 'applicationTaskExecutor'
2023-10-10 23:13:26.061 INFO  o.s.b.d.autoconfigure.OptionalLiveReloadServer    :58   [32m                  [0;39m LiveReload server is running on port 35729
2023-10-10 23:13:26.068 INFO  org.apache.coyote.http11.Http11NioProtocol        :173  [32m                  [0;39m Starting ProtocolHandler ["http-nio-8880"]
2023-10-10 23:13:26.077 INFO  o.s.boot.web.embedded.tomcat.TomcatWebServer      :220  [32m                  [0;39m Tomcat started on port(s): 8880 (http) with context path ''
2023-10-10 23:13:26.083 INFO  com.weijun.wiki.config.WikiApplication            :61   [32m                  [0;39m Started WikiApplication in 0.755 seconds (JVM running for 0.992)
2023-10-10 23:13:26.087 INFO  com.weijun.wiki.config.WikiApplication            :19   [32m                  [0;39m run successfully
2023-10-10 23:13:26.088 INFO  com.weijun.wiki.config.WikiApplication            :20   [32m                  [0;39m address: 	http://localhost:8880
2023-10-10 23:13:42.681 INFO  o.s.scheduling.concurrent.ThreadPoolTaskExecutor  :218  [32m                  [0;39m Shutting down ExecutorService 'applicationTaskExecutor'
2023-10-10 23:13:42.762 INFO  com.weijun.wiki.config.WikiApplication            :55   [32m                  [0;39m Starting WikiApplication using Java 1.8.0_382 on hans-MacBook-Pro.local with PID 40230 (/Users/fanweijun/Desktop/project/wiki/target/classes started by fanweijun in /Users/fanweijun/Desktop/project/wiki)
2023-10-10 23:13:42.762 INFO  com.weijun.wiki.config.WikiApplication            :660  [32m                  [0;39m No active profile set, falling back to default profiles: default
2023-10-10 23:13:42.822 INFO  o.s.boot.web.embedded.tomcat.TomcatWebServer      :108  [32m                  [0;39m Tomcat initialized with port(s): 8880 (http)
2023-10-10 23:13:42.823 INFO  org.apache.coyote.http11.Http11NioProtocol        :173  [32m                  [0;39m Initializing ProtocolHandler ["http-nio-8880"]
2023-10-10 23:13:42.823 INFO  org.apache.catalina.core.StandardService          :173  [32m                  [0;39m Starting service [Tomcat]
2023-10-10 23:13:42.823 INFO  org.apache.catalina.core.StandardEngine           :173  [32m                  [0;39m Starting Servlet engine: [Apache Tomcat/9.0.39]
2023-10-10 23:13:42.826 INFO  o.a.c.core.ContainerBase.[Tomcat].[localhost].[/] :173  [32m                  [0;39m Initializing Spring embedded WebApplicationContext
2023-10-10 23:13:42.826 INFO  o.s.b.w.s.c.ServletWebServerApplicationContext    :289  [32m                  [0;39m Root WebApplicationContext: initialization completed in 62 ms
2023-10-10 23:13:42.843 INFO  o.s.scheduling.concurrent.ThreadPoolTaskExecutor  :181  [32m                  [0;39m Initializing ExecutorService 'applicationTaskExecutor'
2023-10-10 23:13:42.858 INFO  o.s.b.d.autoconfigure.OptionalLiveReloadServer    :58   [32m                  [0;39m LiveReload server is running on port 35729
2023-10-10 23:13:42.861 INFO  org.apache.coyote.http11.Http11NioProtocol        :173  [32m                  [0;39m Starting ProtocolHandler ["http-nio-8880"]
2023-10-10 23:13:42.863 INFO  o.s.boot.web.embedded.tomcat.TomcatWebServer      :220  [32m                  [0;39m Tomcat started on port(s): 8880 (http) with context path ''
2023-10-10 23:13:42.865 INFO  com.weijun.wiki.config.WikiApplication            :61   [32m                  [0;39m Started WikiApplication in 0.121 seconds (JVM running for 17.774)
2023-10-10 23:13:42.865 INFO  o.s.b.d.a.ConditionEvaluationDeltaLoggingListener :63   [32m                  [0;39m Condition evaluation unchanged
2023-10-10 23:13:42.866 INFO  com.weijun.wiki.config.WikiApplication            :19   [32m                  [0;39m run successfully
2023-10-10 23:13:42.866 INFO  com.weijun.wiki.config.WikiApplication            :20   [32m                  [0;39m address: 	http://localhost:8880
2023-10-10 23:14:17.639 INFO  o.s.scheduling.concurrent.ThreadPoolTaskExecutor  :218  [32m                  [0;39m Shutting down ExecutorService 'applicationTaskExecutor'
2023-10-10 23:14:17.702 INFO  com.weijun.wiki.config.WikiApplication            :55   [32m                  [0;39m Starting WikiApplication using Java 1.8.0_382 on hans-MacBook-Pro.local with PID 40230 (/Users/fanweijun/Desktop/project/wiki/target/classes started by fanweijun in /Users/fanweijun/Desktop/project/wiki)
2023-10-10 23:14:17.703 INFO  com.weijun.wiki.config.WikiApplication            :660  [32m                  [0;39m No active profile set, falling back to default profiles: default
2023-10-10 23:14:17.760 INFO  o.s.boot.web.embedded.tomcat.TomcatWebServer      :108  [32m                  [0;39m Tomcat initialized with port(s): 8880 (http)
2023-10-10 23:14:17.761 INFO  org.apache.coyote.http11.Http11NioProtocol        :173  [32m                  [0;39m Initializing ProtocolHandler ["http-nio-8880"]
2023-10-10 23:14:17.761 INFO  org.apache.catalina.core.StandardService          :173  [32m                  [0;39m Starting service [Tomcat]
2023-10-10 23:14:17.761 INFO  org.apache.catalina.core.StandardEngine           :173  [32m                  [0;39m Starting Servlet engine: [Apache Tomcat/9.0.39]
2023-10-10 23:14:17.764 INFO  o.a.c.core.ContainerBase.[Tomcat].[localhost].[/] :173  [32m                  [0;39m Initializing Spring embedded WebApplicationContext
2023-10-10 23:14:17.764 INFO  o.s.b.w.s.c.ServletWebServerApplicationContext    :289  [32m                  [0;39m Root WebApplicationContext: initialization completed in 60 ms
2023-10-10 23:14:17.781 INFO  o.s.scheduling.concurrent.ThreadPoolTaskExecutor  :181  [32m                  [0;39m Initializing ExecutorService 'applicationTaskExecutor'
2023-10-10 23:14:17.795 INFO  o.s.b.d.autoconfigure.OptionalLiveReloadServer    :58   [32m                  [0;39m LiveReload server is running on port 35729
2023-10-10 23:14:17.798 INFO  org.apache.coyote.http11.Http11NioProtocol        :173  [32m                  [0;39m Starting ProtocolHandler ["http-nio-8880"]
2023-10-10 23:14:17.799 INFO  o.s.boot.web.embedded.tomcat.TomcatWebServer      :220  [32m                  [0;39m Tomcat started on port(s): 8880 (http) with context path ''
2023-10-10 23:14:17.801 INFO  com.weijun.wiki.config.WikiApplication            :61   [32m                  [0;39m Started WikiApplication in 0.113 seconds (JVM running for 52.71)
2023-10-10 23:14:17.802 INFO  o.s.b.d.a.ConditionEvaluationDeltaLoggingListener :63   [32m                  [0;39m Condition evaluation unchanged
2023-10-10 23:14:17.802 INFO  com.weijun.wiki.config.WikiApplication            :19   [32m                  [0;39m run successfully
2023-10-10 23:14:17.802 INFO  com.weijun.wiki.config.WikiApplication            :20   [32m                  [0;39m address: 	http://localhost:8880
2023-10-10 23:16:00.392 INFO  o.s.scheduling.concurrent.ThreadPoolTaskExecutor  :218  [32m                  [0;39m Shutting down ExecutorService 'applicationTaskExecutor'
2023-10-10 23:16:25.192 INFO  com.weijun.wiki.config.WikiApplication            :55   [32m                  [0;39m Starting WikiApplication using Java 1.8.0_382 on hans-MacBook-Pro.local with PID 40378 (/Users/fanweijun/Desktop/project/wiki/target/classes started by fanweijun in /Users/fanweijun/Desktop/project/wiki)
2023-10-10 23:16:25.193 INFO  com.weijun.wiki.config.WikiApplication            :660  [32m                  [0;39m No active profile set, falling back to default profiles: default
2023-10-10 23:16:25.214 INFO  o.s.b.d.env.DevToolsPropertyDefaultsPostProcessor :255  [32m                  [0;39m Devtools property defaults active! Set 'spring.devtools.add-properties' to 'false' to disable
2023-10-10 23:16:25.214 INFO  o.s.b.d.env.DevToolsPropertyDefaultsPostProcessor :255  [32m                  [0;39m For additional web related logging consider setting the 'logging.level.web' property to 'DEBUG'
2023-10-10 23:16:25.563 INFO  o.s.boot.web.embedded.tomcat.TomcatWebServer      :108  [32m                  [0;39m Tomcat initialized with port(s): 8880 (http)
2023-10-10 23:16:25.566 INFO  org.apache.coyote.http11.Http11NioProtocol        :173  [32m                  [0;39m Initializing ProtocolHandler ["http-nio-8880"]
2023-10-10 23:16:25.566 INFO  org.apache.catalina.core.StandardService          :173  [32m                  [0;39m Starting service [Tomcat]
2023-10-10 23:16:25.567 INFO  org.apache.catalina.core.StandardEngine           :173  [32m                  [0;39m Starting Servlet engine: [Apache Tomcat/9.0.39]
2023-10-10 23:16:25.586 INFO  o.a.c.core.ContainerBase.[Tomcat].[localhost].[/] :173  [32m                  [0;39m Initializing Spring embedded WebApplicationContext
2023-10-10 23:16:25.586 INFO  o.s.b.w.s.c.ServletWebServerApplicationContext    :289  [32m                  [0;39m Root WebApplicationContext: initialization completed in 371 ms
2023-10-10 23:16:25.654 INFO  o.s.scheduling.concurrent.ThreadPoolTaskExecutor  :181  [32m                  [0;39m Initializing ExecutorService 'applicationTaskExecutor'
2023-10-10 23:16:25.716 INFO  o.s.b.d.autoconfigure.OptionalLiveReloadServer    :58   [32m                  [0;39m LiveReload server is running on port 35729
2023-10-10 23:16:25.724 INFO  org.apache.coyote.http11.Http11NioProtocol        :173  [32m                  [0;39m Starting ProtocolHandler ["http-nio-8880"]
2023-10-10 23:16:25.734 INFO  o.s.boot.web.embedded.tomcat.TomcatWebServer      :220  [32m                  [0;39m Tomcat started on port(s): 8880 (http) with context path ''
2023-10-10 23:16:25.740 INFO  com.weijun.wiki.config.WikiApplication            :61   [32m                  [0;39m Started WikiApplication in 0.729 seconds (JVM running for 0.978)
2023-10-10 23:16:25.741 INFO  com.weijun.wiki.config.WikiApplication            :19   [32m                  [0;39m run successfully
2023-10-10 23:16:25.741 INFO  com.weijun.wiki.config.WikiApplication            :20   [32m                  [0;39m address: 	http://localhost:8880
2023-10-10 23:16:35.260 INFO  o.s.scheduling.concurrent.ThreadPoolTaskExecutor  :218  [32m                  [0;39m Shutting down ExecutorService 'applicationTaskExecutor'
2023-10-10 23:16:35.312 INFO  com.weijun.wiki.config.WikiApplication            :55   [32m                  [0;39m Starting WikiApplication using Java 1.8.0_382 on hans-MacBook-Pro.local with PID 40378 (/Users/fanweijun/Desktop/project/wiki/target/classes started by fanweijun in /Users/fanweijun/Desktop/project/wiki)
2023-10-10 23:16:35.312 INFO  com.weijun.wiki.config.WikiApplication            :660  [32m                  [0;39m No active profile set, falling back to default profiles: default
2023-10-10 23:16:35.376 INFO  o.s.boot.web.embedded.tomcat.TomcatWebServer      :108  [32m                  [0;39m Tomcat initialized with port(s): 8880 (http)
2023-10-10 23:16:35.376 INFO  org.apache.coyote.http11.Http11NioProtocol        :173  [32m                  [0;39m Initializing ProtocolHandler ["http-nio-8880"]
2023-10-10 23:16:35.376 INFO  org.apache.catalina.core.StandardService          :173  [32m                  [0;39m Starting service [Tomcat]
2023-10-10 23:16:35.377 INFO  org.apache.catalina.core.StandardEngine           :173  [32m                  [0;39m Starting Servlet engine: [Apache Tomcat/9.0.39]
2023-10-10 23:16:35.379 INFO  o.a.c.core.ContainerBase.[Tomcat].[localhost].[/] :173  [32m                  [0;39m Initializing Spring embedded WebApplicationContext
2023-10-10 23:16:35.380 INFO  o.s.b.w.s.c.ServletWebServerApplicationContext    :289  [32m                  [0;39m Root WebApplicationContext: initialization completed in 66 ms
2023-10-10 23:16:35.397 INFO  o.s.scheduling.concurrent.ThreadPoolTaskExecutor  :181  [32m                  [0;39m Initializing ExecutorService 'applicationTaskExecutor'
2023-10-10 23:16:35.413 INFO  o.s.b.d.autoconfigure.OptionalLiveReloadServer    :58   [32m                  [0;39m LiveReload server is running on port 35729
2023-10-10 23:16:35.418 INFO  org.apache.coyote.http11.Http11NioProtocol        :173  [32m                  [0;39m Starting ProtocolHandler ["http-nio-8880"]
2023-10-10 23:16:35.419 INFO  o.s.boot.web.embedded.tomcat.TomcatWebServer      :220  [32m                  [0;39m Tomcat started on port(s): 8880 (http) with context path ''
2023-10-10 23:16:35.421 INFO  com.weijun.wiki.config.WikiApplication            :61   [32m                  [0;39m Started WikiApplication in 0.127 seconds (JVM running for 10.659)
2023-10-10 23:16:35.422 INFO  o.s.b.d.a.ConditionEvaluationDeltaLoggingListener :63   [32m                  [0;39m Condition evaluation unchanged
2023-10-10 23:16:35.422 INFO  com.weijun.wiki.config.WikiApplication            :19   [32m                  [0;39m run successfully
2023-10-10 23:16:35.422 INFO  com.weijun.wiki.config.WikiApplication            :20   [32m                  [0;39m address: 	http://localhost:8880
2023-10-10 23:16:45.958 INFO  o.s.scheduling.concurrent.ThreadPoolTaskExecutor  :218  [32m                  [0;39m Shutting down ExecutorService 'applicationTaskExecutor'
2023-10-10 23:16:46.020 INFO  com.weijun.wiki.config.WikiApplication            :55   [32m                  [0;39m Starting WikiApplication using Java 1.8.0_382 on hans-MacBook-Pro.local with PID 40378 (/Users/fanweijun/Desktop/project/wiki/target/classes started by fanweijun in /Users/fanweijun/Desktop/project/wiki)
2023-10-10 23:16:46.020 INFO  com.weijun.wiki.config.WikiApplication            :660  [32m                  [0;39m No active profile set, falling back to default profiles: default
2023-10-10 23:16:46.077 INFO  o.s.boot.web.embedded.tomcat.TomcatWebServer      :108  [32m                  [0;39m Tomcat initialized with port(s): 8880 (http)
2023-10-10 23:16:46.078 INFO  org.apache.coyote.http11.Http11NioProtocol        :173  [32m                  [0;39m Initializing ProtocolHandler ["http-nio-8880"]
2023-10-10 23:16:46.078 INFO  org.apache.catalina.core.StandardService          :173  [32m                  [0;39m Starting service [Tomcat]
2023-10-10 23:16:46.078 INFO  org.apache.catalina.core.StandardEngine           :173  [32m                  [0;39m Starting Servlet engine: [Apache Tomcat/9.0.39]
2023-10-10 23:16:46.081 INFO  o.a.c.core.ContainerBase.[Tomcat].[localhost].[/] :173  [32m                  [0;39m Initializing Spring embedded WebApplicationContext
2023-10-10 23:16:46.081 INFO  o.s.b.w.s.c.ServletWebServerApplicationContext    :289  [32m                  [0;39m Root WebApplicationContext: initialization completed in 60 ms
2023-10-10 23:16:46.099 INFO  o.s.scheduling.concurrent.ThreadPoolTaskExecutor  :181  [32m                  [0;39m Initializing ExecutorService 'applicationTaskExecutor'
2023-10-10 23:16:46.113 INFO  o.s.b.d.autoconfigure.OptionalLiveReloadServer    :58   [32m                  [0;39m LiveReload server is running on port 35729
2023-10-10 23:16:46.117 INFO  org.apache.coyote.http11.Http11NioProtocol        :173  [32m                  [0;39m Starting ProtocolHandler ["http-nio-8880"]
2023-10-10 23:16:46.118 INFO  o.s.boot.web.embedded.tomcat.TomcatWebServer      :220  [32m                  [0;39m Tomcat started on port(s): 8880 (http) with context path ''
2023-10-10 23:16:46.120 INFO  com.weijun.wiki.config.WikiApplication            :61   [32m                  [0;39m Started WikiApplication in 0.116 seconds (JVM running for 21.358)
2023-10-10 23:16:46.121 INFO  o.s.b.d.a.ConditionEvaluationDeltaLoggingListener :63   [32m                  [0;39m Condition evaluation unchanged
2023-10-10 23:16:46.121 INFO  com.weijun.wiki.config.WikiApplication            :19   [32m                  [0;39m run successfully
2023-10-10 23:16:46.121 INFO  com.weijun.wiki.config.WikiApplication            :20   [32m                  [0;39m address: 	http://localhost:8880
2023-10-10 23:22:31.856 INFO  o.s.scheduling.concurrent.ThreadPoolTaskExecutor  :218  [32m                  [0;39m Shutting down ExecutorService 'applicationTaskExecutor'
2023-10-10 23:22:31.911 INFO  com.weijun.wiki.config.WikiApplication            :55   [32m                  [0;39m Starting WikiApplication using Java 1.8.0_382 on hans-MacBook-Pro.local with PID 40378 (/Users/fanweijun/Desktop/project/wiki/target/classes started by fanweijun in /Users/fanweijun/Desktop/project/wiki)
2023-10-10 23:22:31.911 INFO  com.weijun.wiki.config.WikiApplication            :660  [32m                  [0;39m No active profile set, falling back to default profiles: default
2023-10-10 23:22:31.964 INFO  o.s.boot.web.embedded.tomcat.TomcatWebServer      :108  [32m                  [0;39m Tomcat initialized with port(s): 8880 (http)
2023-10-10 23:22:31.965 INFO  org.apache.coyote.http11.Http11NioProtocol        :173  [32m                  [0;39m Initializing ProtocolHandler ["http-nio-8880"]
2023-10-10 23:22:31.965 INFO  org.apache.catalina.core.StandardService          :173  [32m                  [0;39m Starting service [Tomcat]
2023-10-10 23:22:31.965 INFO  org.apache.catalina.core.StandardEngine           :173  [32m                  [0;39m Starting Servlet engine: [Apache Tomcat/9.0.39]
2023-10-10 23:22:31.968 INFO  o.a.c.core.ContainerBase.[Tomcat].[localhost].[/] :173  [32m                  [0;39m Initializing Spring embedded WebApplicationContext
2023-10-10 23:22:31.968 INFO  o.s.b.w.s.c.ServletWebServerApplicationContext    :289  [32m                  [0;39m Root WebApplicationContext: initialization completed in 56 ms
2023-10-10 23:22:31.983 INFO  o.s.scheduling.concurrent.ThreadPoolTaskExecutor  :181  [32m                  [0;39m Initializing ExecutorService 'applicationTaskExecutor'
2023-10-10 23:22:31.996 INFO  o.s.b.d.autoconfigure.OptionalLiveReloadServer    :58   [32m                  [0;39m LiveReload server is running on port 35729
2023-10-10 23:22:32.000 INFO  org.apache.coyote.http11.Http11NioProtocol        :173  [32m                  [0;39m Starting ProtocolHandler ["http-nio-8880"]
2023-10-10 23:22:32.002 INFO  o.s.boot.web.embedded.tomcat.TomcatWebServer      :220  [32m                  [0;39m Tomcat started on port(s): 8880 (http) with context path ''
2023-10-10 23:22:32.003 INFO  com.weijun.wiki.config.WikiApplication            :61   [32m                  [0;39m Started WikiApplication in 0.108 seconds (JVM running for 367.243)
2023-10-10 23:22:32.004 INFO  o.s.b.d.a.ConditionEvaluationDeltaLoggingListener :63   [32m                  [0;39m Condition evaluation unchanged
2023-10-10 23:22:32.004 INFO  com.weijun.wiki.config.WikiApplication            :19   [32m                  [0;39m run successfully
2023-10-10 23:22:32.004 INFO  com.weijun.wiki.config.WikiApplication            :20   [32m                  [0;39m address: 	http://localhost:8880
2023-10-10 23:22:41.552 INFO  o.s.scheduling.concurrent.ThreadPoolTaskExecutor  :218  [32m                  [0;39m Shutting down ExecutorService 'applicationTaskExecutor'
2023-10-10 23:22:41.611 INFO  com.weijun.wiki.config.WikiApplication            :55   [32m                  [0;39m Starting WikiApplication using Java 1.8.0_382 on hans-MacBook-Pro.local with PID 40378 (/Users/fanweijun/Desktop/project/wiki/target/classes started by fanweijun in /Users/fanweijun/Desktop/project/wiki)
2023-10-10 23:22:41.612 INFO  com.weijun.wiki.config.WikiApplication            :660  [32m                  [0;39m No active profile set, falling back to default profiles: default
2023-10-10 23:22:41.662 INFO  o.s.boot.web.embedded.tomcat.TomcatWebServer      :108  [32m                  [0;39m Tomcat initialized with port(s): 8880 (http)
2023-10-10 23:22:41.662 INFO  org.apache.coyote.http11.Http11NioProtocol        :173  [32m                  [0;39m Initializing ProtocolHandler ["http-nio-8880"]
2023-10-10 23:22:41.662 INFO  org.apache.catalina.core.StandardService          :173  [32m                  [0;39m Starting service [Tomcat]
2023-10-10 23:22:41.662 INFO  org.apache.catalina.core.StandardEngine           :173  [32m                  [0;39m Starting Servlet engine: [Apache Tomcat/9.0.39]
2023-10-10 23:22:41.666 INFO  o.a.c.core.ContainerBase.[Tomcat].[localhost].[/] :173  [32m                  [0;39m Initializing Spring embedded WebApplicationContext
2023-10-10 23:22:41.666 INFO  o.s.b.w.s.c.ServletWebServerApplicationContext    :289  [32m                  [0;39m Root WebApplicationContext: initialization completed in 53 ms
2023-10-10 23:22:41.680 INFO  o.s.scheduling.concurrent.ThreadPoolTaskExecutor  :181  [32m                  [0;39m Initializing ExecutorService 'applicationTaskExecutor'
2023-10-10 23:22:41.691 INFO  o.s.b.d.autoconfigure.OptionalLiveReloadServer    :58   [32m                  [0;39m LiveReload server is running on port 35729
2023-10-10 23:22:41.695 INFO  org.apache.coyote.http11.Http11NioProtocol        :173  [32m                  [0;39m Starting ProtocolHandler ["http-nio-8880"]
2023-10-10 23:22:41.696 INFO  o.s.boot.web.embedded.tomcat.TomcatWebServer      :220  [32m                  [0;39m Tomcat started on port(s): 8880 (http) with context path ''
2023-10-10 23:22:41.698 INFO  com.weijun.wiki.config.WikiApplication            :61   [32m                  [0;39m Started WikiApplication in 0.1 seconds (JVM running for 376.933)
2023-10-10 23:22:41.698 INFO  o.s.b.d.a.ConditionEvaluationDeltaLoggingListener :63   [32m                  [0;39m Condition evaluation unchanged
2023-10-10 23:22:41.699 INFO  com.weijun.wiki.config.WikiApplication            :19   [32m                  [0;39m run successfully
2023-10-10 23:22:41.699 INFO  com.weijun.wiki.config.WikiApplication            :20   [32m                  [0;39m address: 	http://localhost:8880
